<?xml version="1.0" encoding="UTF-8"?>
<!-- Generated by org.testng.reporters.JUnitReportReporter -->
<testsuite hostname="MAVBCP26704" failures="0" tests="2" name="seleniumproject.RecorderScript" time="38.940" errors="0" timestamp="2021-09-28T11:42:17 IST" skipped="0">
  <testcase classname="seleniumproject.RecorderScript" name="testParameterWithXML" time="18.279"/>
  <system-out/>
  <testcase classname="seleniumproject.RecorderScript" name="testParameterWithXML" time="20.661"/>
  <system-out/>
</testsuite> <!-- seleniumproject.RecorderScript -->
