<?xml version="1.0" encoding="UTF-8"?>
<!-- Generated by org.testng.reporters.JUnitReportReporter -->
<testsuite hostname="MAVBCP26704" failures="0" tests="1" name="seleniumproject.Example" time="26.949" errors="0" timestamp="2021-09-24T16:13:49 IST" skipped="0">
  <testcase classname="seleniumproject.Example" name="selenium" time="26.949"/>
  <system-out/>
</testsuite> <!-- seleniumproject.Example -->
