<?xml version="1.0" encoding="UTF-8"?>
<!-- Generated by org.testng.reporters.JUnitReportReporter -->
<testsuite hostname="MAVBCP26704" failures="0" tests="2" name="seleniumproject.CrossBrowserScript" time="31.265" errors="0" timestamp="2021-09-23T11:38:19 IST" skipped="0">
  <testcase classname="seleniumproject.CrossBrowserScript" name="testParameterWithXML" time="16.462"/>
  <system-out/>
  <testcase classname="seleniumproject.CrossBrowserScript" name="testParameterWithXML" time="14.803"/>
  <system-out/>
</testsuite> <!-- seleniumproject.CrossBrowserScript -->
